
****** PlanAhead v14.7
  **** Build 321239 by xbuild on Fri Sep 27 19:31:35 MDT 2013
    ** Copyright 1986-1999, 2001-2013 Xilinx, Inc. All Rights Reserved.

INFO: [Common 17-78] Attempting to get a license: PlanAhead
INFO: [Common 17-290] Got license for PlanAhead
INFO: [Common 17-86] Your PlanAhead license expires in -1573 day(s)
INFO: [Device 21-36] Loading parts and site information from C:/Xilinx/14.7/ISE_DS/PlanAhead/data/parts/arch.xml
Parsing RTL primitives file [C:/Xilinx/14.7/ISE_DS/PlanAhead/data/parts/xilinx/rtl/prims/rtl_prims.xml]
Finished parsing RTL primitives file [C:/Xilinx/14.7/ISE_DS/PlanAhead/data/parts/xilinx/rtl/prims/rtl_prims.xml]
start_gui
source {C:/Users/jonah/Desktop/phys 301/lab number 5/experiment3/pa.fromNetlist.tcl}
# create_project -name experiment3 -dir "C:/Users/jonah/Desktop/phys 301/lab number 5/experiment3/planAhead_run_1" -part xc3s100ecp132-4
# set_property design_mode GateLvl [get_property srcset [current_run -impl]]
# set_property edif_top_file "C:/Users/jonah/Desktop/phys 301/lab number 5/experiment3/experiment3.ngc" [ get_property srcset [ current_run ] ]
# add_files -norecurse { {C:/Users/jonah/Desktop/phys 301/lab number 5/experiment3} }
# set_param project.pinAheadLayout  yes
# set_property target_constrs_file "experiment3.ucf" [current_fileset -constrset]
Adding file 'C:/Users/jonah/Desktop/phys 301/lab number 5/experiment3/experiment3.ucf' to fileset 'constrs_1'
# add_files [list {experiment3.ucf}] -fileset [get_property constrset [current_run]]
# link_design
Design is defaulting to srcset: sources_1
Design is defaulting to constrset: constrs_1
Design is defaulting to project part: xc3s100ecp132-4
Release 14.7 - ngc2edif P.20131013 (nt)
Copyright (c) 1995-2013 Xilinx, Inc.  All rights reserved.

Release 14.7 - ngc2edif P.20131013 (nt)
Copyright (c) 1995-2013 Xilinx, Inc.  All rights reserved.
Reading design experiment3.ngc ...
WARNING:NetListWriters:298 - No output is written to experiment3.xncf, ignored.
Processing design ...
   Preping design's networks ...
   Preping design's macros ...
  finished :Prep
Writing EDIF netlist file experiment3.edif ...
ngc2edif: Total memory usage is 111792 kilobytes

Parsing EDIF File [./planAhead_run_1/experiment3.data/cache/experiment3_ngc_zx.edif]
Finished Parsing EDIF File [./planAhead_run_1/experiment3.data/cache/experiment3_ngc_zx.edif]
INFO: [Designutils 20-910] Reading macro library C:/Xilinx/14.7/ISE_DS/PlanAhead/data\./parts/xilinx/spartan3e/spartan3e/hd_int_macros.edn
Parsing EDIF File [C:/Xilinx/14.7/ISE_DS/PlanAhead/data\./parts/xilinx/spartan3e/spartan3e/hd_int_macros.edn]
Finished Parsing EDIF File [C:/Xilinx/14.7/ISE_DS/PlanAhead/data\./parts/xilinx/spartan3e/spartan3e/hd_int_macros.edn]
Loading clock regions from C:/Xilinx/14.7/ISE_DS/PlanAhead/data\parts/xilinx/spartan3e/spartan3e/xc3s100e/ClockRegion.xml
Loading clock buffers from C:/Xilinx/14.7/ISE_DS/PlanAhead/data\parts/xilinx/spartan3e/spartan3e/xc3s100e/ClockBuffers.xml
Loading package from C:/Xilinx/14.7/ISE_DS/PlanAhead/data\parts/xilinx/spartan3e/spartan3e/xc3s100e/cp132/Package.xml
Loading io standards from C:/Xilinx/14.7/ISE_DS/PlanAhead/data\./parts/xilinx/spartan3e/IOStandards.xml
INFO: [Device 21-19] Loading pkg sso from C:/Xilinx/14.7/ISE_DS/PlanAhead/data\parts/xilinx/spartan3e/spartan3e/xc3s100e/cp132/SSORules.xml
Loading list of drcs for the architecture : C:/Xilinx/14.7/ISE_DS/PlanAhead/data\./parts/xilinx/spartan3e/spartan3e/drc.xml
INFO: [Timing 38-77] Reading timing library C:/Xilinx/14.7/ISE_DS/PlanAhead/data\parts/xilinx/spartan3e/spartan3e/spartan3e-4.lib.
INFO: [Timing 38-34] Done reading timing library C:/Xilinx/14.7/ISE_DS/PlanAhead/data\parts/xilinx/spartan3e/spartan3e/spartan3e-4.lib.
Parsing UCF File [C:/Users/jonah/Desktop/phys 301/lab number 5/experiment3/experiment3.ucf]
Finished Parsing UCF File [C:/Users/jonah/Desktop/phys 301/lab number 5/experiment3/experiment3.ucf]
INFO: [Project 1-111] Unisim Transformation Summary:
No Unisim elements were transformed.

Phase 0 | Netlist Checksum: 00339983
link_design: Time (s): elapsed = 00:00:05 . Memory (MB): peak = 481.504 ; gain = 62.785
startgroup
set_property package_pin N3 [get_ports {Ain[3]}]
endgroup
startgroup
set_property package_pin E2 [get_ports {Ain[2]}]
endgroup
startgroup
set_property package_pin F3 [get_ports {Ain[1]}]
endgroup
startgroup
set_property package_pin G3 [get_ports {Ain[0]}]
endgroup
startgroup
set_property package_pin B4 [get_ports {Bin[3]}]
endgroup
startgroup
set_property package_pin K3 [get_ports {Bin[2]}]
endgroup
startgroup
set_property package_pin L3 [get_ports {Bin[1]}]
endgroup
startgroup
set_property package_pin P11 [get_ports {Bin[0]}]
endgroup
startgroup
set_property package_pin A7 [get_ports Cin]
endgroup
set_property package_pin "" [get_ports [list  Cout]]
startgroup
set_property package_pin M5 [get_ports S0out]
endgroup
startgroup
set_property package_pin M11 [get_ports S1out]
endgroup
startgroup
set_property package_pin P7 [get_ports S2out]
endgroup
startgroup
set_property package_pin P6 [get_ports S3out]
endgroup
set_property package_pin "" [get_ports [list  N]]
startgroup
set_property package_pin N5 [get_ports Cout]
endgroup
startgroup
set_property package_pin N4 [get_ports N]
endgroup
save_constraints
exit
ERROR: [Common 17-39] 'stop_gui' failed due to earlier errors.
INFO: [Common 17-206] Exiting PlanAhead at Tue Feb 20 11:35:18 2018...
INFO: [Common 17-83] Releasing license: PlanAhead
